Rakit\Validation\RuleNotFoundException: Validator 'confirmed' is not registered in C:\laragon\www\DA_nhom10\vendor\rakit\validation\src\Validator.php:103
Stack trace:
#0 [internal function]: Rakit\Validation\Validator->__invoke('confirmed')
#1 C:\laragon\www\DA_nhom10\vendor\rakit\validation\src\Validation.php(494): call_user_func_array(Object(Rakit\Validation\Validator), Array)
#2 C:\laragon\www\DA_nhom10\vendor\rakit\validation\src\Validation.php(71): Rakit\Validation\Validation->resolveRules(Array)
#3 C:\laragon\www\DA_nhom10\vendor\rakit\validation\src\Validation.php(58): Rakit\Validation\Validation->addAttribute('password', 'required|min:6|...')
#4 C:\laragon\www\DA_nhom10\vendor\rakit\validation\src\Validator.php(83): Rakit\Validation\Validation->__construct(Object(Rakit\Validation\Validator), Array, 'required|min:6|...', Array)
#5 C:\laragon\www\DA_nhom10\app\Controller.php(28): Rakit\Validation\Validator->make(Array, Array)
#6 C:\laragon\www\DA_nhom10\app\Controllers\Client\HomeController.php(137): App\Controller->validate(Object(Rakit\Validation\Validator), Array, Array)
#7 [internal function]: App\Controllers\Client\HomeController->register()
#8 C:\laragon\www\DA_nhom10\vendor\bramus\router\src\Bramus\Router\Router.php(482): call_user_func_array(Array, Array)
#9 C:\laragon\www\DA_nhom10\vendor\bramus\router\src\Bramus\Router\Router.php(440): Bramus\Router\Router->invoke('App\\Controllers...', Array)
#10 C:\laragon\www\DA_nhom10\vendor\bramus\router\src\Bramus\Router\Router.php(287): Bramus\Router\Router->handle(Array, true)
#11 C:\laragon\www\DA_nhom10\routers\index.php(8): Bramus\Router\Router->run()
#12 C:\laragon\www\DA_nhom10\index.php(5): require('C:\\laragon\\www\\...')
#13 {main}Rakit\Validation\RuleNotFoundException: Validator 'confirmed' is not registered in C:\laragon\www\DA_nhom10\vendor\rakit\validation\src\Validator.php:103
Stack trace:
#0 [internal function]: Rakit\Validation\Validator->__invoke('confirmed')
#1 C:\laragon\www\DA_nhom10\vendor\rakit\validation\src\Validation.php(494): call_user_func_array(Object(Rakit\Validation\Validator), Array)
#2 C:\laragon\www\DA_nhom10\vendor\rakit\validation\src\Validation.php(71): Rakit\Validation\Validation->resolveRules(Array)
#3 C:\laragon\www\DA_nhom10\vendor\rakit\validation\src\Validation.php(58): Rakit\Validation\Validation->addAttribute('password', 'required|min:6|...')
#4 C:\laragon\www\DA_nhom10\vendor\rakit\validation\src\Validator.php(83): Rakit\Validation\Validation->__construct(Object(Rakit\Validation\Validator), Array, 'required|min:6|...', Array)
#5 C:\laragon\www\DA_nhom10\app\Controller.php(28): Rakit\Validation\Validator->make(Array, Array)
#6 C:\laragon\www\DA_nhom10\app\Controllers\Client\HomeController.php(137): App\Controller->validate(Object(Rakit\Validation\Validator), Array, Array)
#7 [internal function]: App\Controllers\Client\HomeController->register()
#8 C:\laragon\www\DA_nhom10\vendor\bramus\router\src\Bramus\Router\Router.php(482): call_user_func_array(Array, Array)
#9 C:\laragon\www\DA_nhom10\vendor\bramus\router\src\Bramus\Router\Router.php(440): Bramus\Router\Router->invoke('App\\Controllers...', Array)
#10 C:\laragon\www\DA_nhom10\vendor\bramus\router\src\Bramus\Router\Router.php(287): Bramus\Router\Router->handle(Array, true)
#11 C:\laragon\www\DA_nhom10\routers\index.php(8): Bramus\Router\Router->run()
#12 C:\laragon\www\DA_nhom10\index.php(5): require('C:\\laragon\\www\\...')
#13 {main}Rakit\Validation\RuleNotFoundException: Validator 'confirmed' is not registered in C:\laragon\www\DA_nhom10\vendor\rakit\validation\src\Validator.php:103
Stack trace:
#0 [internal function]: Rakit\Validation\Validator->__invoke('confirmed')
#1 C:\laragon\www\DA_nhom10\vendor\rakit\validation\src\Validation.php(494): call_user_func_array(Object(Rakit\Validation\Validator), Array)
#2 C:\laragon\www\DA_nhom10\vendor\rakit\validation\src\Validation.php(71): Rakit\Validation\Validation->resolveRules(Array)
#3 C:\laragon\www\DA_nhom10\vendor\rakit\validation\src\Validation.php(58): Rakit\Validation\Validation->addAttribute('password', 'required|min:6|...')
#4 C:\laragon\www\DA_nhom10\vendor\rakit\validation\src\Validator.php(83): Rakit\Validation\Validation->__construct(Object(Rakit\Validation\Validator), Array, 'required|min:6|...', Array)
#5 C:\laragon\www\DA_nhom10\app\Controller.php(28): Rakit\Validation\Validator->make(Array, Array)
#6 C:\laragon\www\DA_nhom10\app\Controllers\Client\HomeController.php(137): App\Controller->validate(Object(Rakit\Validation\Validator), Array, Array)
#7 [internal function]: App\Controllers\Client\HomeController->register()
#8 C:\laragon\www\DA_nhom10\vendor\bramus\router\src\Bramus\Router\Router.php(482): call_user_func_array(Array, Array)
#9 C:\laragon\www\DA_nhom10\vendor\bramus\router\src\Bramus\Router\Router.php(440): Bramus\Router\Router->invoke('App\\Controllers...', Array)
#10 C:\laragon\www\DA_nhom10\vendor\bramus\router\src\Bramus\Router\Router.php(287): Bramus\Router\Router->handle(Array, true)
#11 C:\laragon\www\DA_nhom10\routers\index.php(8): Bramus\Router\Router->run()
#12 C:\laragon\www\DA_nhom10\index.php(5): require('C:\\laragon\\www\\...')
#13 {main}Rakit\Validation\RuleNotFoundException: Validator 'confirmed' is not registered in C:\laragon\www\DA_nhom10\vendor\rakit\validation\src\Validator.php:103
Stack trace:
#0 [internal function]: Rakit\Validation\Validator->__invoke('confirmed')
#1 C:\laragon\www\DA_nhom10\vendor\rakit\validation\src\Validation.php(494): call_user_func_array(Object(Rakit\Validation\Validator), Array)
#2 C:\laragon\www\DA_nhom10\vendor\rakit\validation\src\Validation.php(71): Rakit\Validation\Validation->resolveRules(Array)
#3 C:\laragon\www\DA_nhom10\vendor\rakit\validation\src\Validation.php(58): Rakit\Validation\Validation->addAttribute('password', 'required|min:6|...')
#4 C:\laragon\www\DA_nhom10\vendor\rakit\validation\src\Validator.php(83): Rakit\Validation\Validation->__construct(Object(Rakit\Validation\Validator), Array, 'required|min:6|...', Array)
#5 C:\laragon\www\DA_nhom10\app\Controller.php(28): Rakit\Validation\Validator->make(Array, Array)
#6 C:\laragon\www\DA_nhom10\app\Controllers\Client\HomeController.php(137): App\Controller->validate(Object(Rakit\Validation\Validator), Array, Array)
#7 [internal function]: App\Controllers\Client\HomeController->register()
#8 C:\laragon\www\DA_nhom10\vendor\bramus\router\src\Bramus\Router\Router.php(482): call_user_func_array(Array, Array)
#9 C:\laragon\www\DA_nhom10\vendor\bramus\router\src\Bramus\Router\Router.php(440): Bramus\Router\Router->invoke('App\\Controllers...', Array)
#10 C:\laragon\www\DA_nhom10\vendor\bramus\router\src\Bramus\Router\Router.php(287): Bramus\Router\Router->handle(Array, true)
#11 C:\laragon\www\DA_nhom10\routers\index.php(8): Bramus\Router\Router->run()
#12 C:\laragon\www\DA_nhom10\index.php(5): require('C:\\laragon\\www\\...')
#13 {main}Rakit\Validation\RuleNotFoundException: Validator 'confirmed' is not registered in C:\laragon\www\DA_nhom10\vendor\rakit\validation\src\Validator.php:103
Stack trace:
#0 [internal function]: Rakit\Validation\Validator->__invoke('confirmed')
#1 C:\laragon\www\DA_nhom10\vendor\rakit\validation\src\Validation.php(494): call_user_func_array(Object(Rakit\Validation\Validator), Array)
#2 C:\laragon\www\DA_nhom10\vendor\rakit\validation\src\Validation.php(71): Rakit\Validation\Validation->resolveRules(Array)
#3 C:\laragon\www\DA_nhom10\vendor\rakit\validation\src\Validation.php(58): Rakit\Validation\Validation->addAttribute('password', 'required|min:6|...')
#4 C:\laragon\www\DA_nhom10\vendor\rakit\validation\src\Validator.php(83): Rakit\Validation\Validation->__construct(Object(Rakit\Validation\Validator), Array, 'required|min:6|...', Array)
#5 C:\laragon\www\DA_nhom10\app\Controller.php(28): Rakit\Validation\Validator->make(Array, Array)
#6 C:\laragon\www\DA_nhom10\app\Controllers\Client\HomeController.php(137): App\Controller->validate(Object(Rakit\Validation\Validator), Array, Array)
#7 [internal function]: App\Controllers\Client\HomeController->register()
#8 C:\laragon\www\DA_nhom10\vendor\bramus\router\src\Bramus\Router\Router.php(482): call_user_func_array(Array, Array)
#9 C:\laragon\www\DA_nhom10\vendor\bramus\router\src\Bramus\Router\Router.php(440): Bramus\Router\Router->invoke('App\\Controllers...', Array)
#10 C:\laragon\www\DA_nhom10\vendor\bramus\router\src\Bramus\Router\Router.php(287): Bramus\Router\Router->handle(Array, true)
#11 C:\laragon\www\DA_nhom10\routers\index.php(8): Bramus\Router\Router->run()
#12 C:\laragon\www\DA_nhom10\index.php(5): require('C:\\laragon\\www\\...')
#13 {main}Rakit\Validation\RuleNotFoundException: Validator 'confirmed' is not registered in C:\laragon\www\DA_nhom10\vendor\rakit\validation\src\Validator.php:103
Stack trace:
#0 [internal function]: Rakit\Validation\Validator->__invoke('confirmed')
#1 C:\laragon\www\DA_nhom10\vendor\rakit\validation\src\Validation.php(494): call_user_func_array(Object(Rakit\Validation\Validator), Array)
#2 C:\laragon\www\DA_nhom10\vendor\rakit\validation\src\Validation.php(71): Rakit\Validation\Validation->resolveRules(Array)
#3 C:\laragon\www\DA_nhom10\vendor\rakit\validation\src\Validation.php(58): Rakit\Validation\Validation->addAttribute('password', 'required|min:6|...')
#4 C:\laragon\www\DA_nhom10\vendor\rakit\validation\src\Validator.php(83): Rakit\Validation\Validation->__construct(Object(Rakit\Validation\Validator), Array, 'required|min:6|...', Array)
#5 C:\laragon\www\DA_nhom10\app\Controller.php(28): Rakit\Validation\Validator->make(Array, Array)
#6 C:\laragon\www\DA_nhom10\app\Controllers\Client\HomeController.php(137): App\Controller->validate(Object(Rakit\Validation\Validator), Array, Array)
#7 [internal function]: App\Controllers\Client\HomeController->register()
#8 C:\laragon\www\DA_nhom10\vendor\bramus\router\src\Bramus\Router\Router.php(482): call_user_func_array(Array, Array)
#9 C:\laragon\www\DA_nhom10\vendor\bramus\router\src\Bramus\Router\Router.php(440): Bramus\Router\Router->invoke('App\\Controllers...', Array)
#10 C:\laragon\www\DA_nhom10\vendor\bramus\router\src\Bramus\Router\Router.php(287): Bramus\Router\Router->handle(Array, true)
#11 C:\laragon\www\DA_nhom10\routers\index.php(8): Bramus\Router\Router->run()
#12 C:\laragon\www\DA_nhom10\index.php(5): require('C:\\laragon\\www\\...')
#13 {main}Rakit\Validation\RuleNotFoundException: Validator 'confirmed' is not registered in C:\laragon\www\DA_nhom10\vendor\rakit\validation\src\Validator.php:103
Stack trace:
#0 [internal function]: Rakit\Validation\Validator->__invoke('confirmed')
#1 C:\laragon\www\DA_nhom10\vendor\rakit\validation\src\Validation.php(494): call_user_func_array(Object(Rakit\Validation\Validator), Array)
#2 C:\laragon\www\DA_nhom10\vendor\rakit\validation\src\Validation.php(71): Rakit\Validation\Validation->resolveRules(Array)
#3 C:\laragon\www\DA_nhom10\vendor\rakit\validation\src\Validation.php(58): Rakit\Validation\Validation->addAttribute('password', 'required|min:6|...')
#4 C:\laragon\www\DA_nhom10\vendor\rakit\validation\src\Validator.php(83): Rakit\Validation\Validation->__construct(Object(Rakit\Validation\Validator), Array, 'required|min:6|...', Array)
#5 C:\laragon\www\DA_nhom10\app\Controller.php(28): Rakit\Validation\Validator->make(Array, Array)
#6 C:\laragon\www\DA_nhom10\app\Controllers\Client\HomeController.php(137): App\Controller->validate(Object(Rakit\Validation\Validator), Array, Array)
#7 [internal function]: App\Controllers\Client\HomeController->register()
#8 C:\laragon\www\DA_nhom10\vendor\bramus\router\src\Bramus\Router\Router.php(482): call_user_func_array(Array, Array)
#9 C:\laragon\www\DA_nhom10\vendor\bramus\router\src\Bramus\Router\Router.php(440): Bramus\Router\Router->invoke('App\\Controllers...', Array)
#10 C:\laragon\www\DA_nhom10\vendor\bramus\router\src\Bramus\Router\Router.php(287): Bramus\Router\Router->handle(Array, true)
#11 C:\laragon\www\DA_nhom10\routers\index.php(8): Bramus\Router\Router->run()
#12 C:\laragon\www\DA_nhom10\index.php(5): require('C:\\laragon\\www\\...')
#13 {main}